<?xml version="1.0" encoding="UTF-8"?>
<!-- Generated by org.testng.reporters.JUnitXMLReporter -->
<testsuite ignored="12" hostname="DESKTOP-ICEIOGC" failures="0" tests="6" name="Test" time="0.167" errors="0" timestamp="2023-05-27T15:07:49 IST">
  <testcase classname="testNGFlags.Flag7" name="itc1" time="0.017"/>
  <testcase classname="testNGFlags.Flag7" name="itc2" time="0.003"/>
  <testcase classname="testNGFlags.Flag7" name="itc3" time="0.002"/>
  <testcase classname="testNGFlags.Flag7" name="itc4" time="0.002"/>
  <testcase classname="testNGFlags.Flag7" name="itc5" time="0.003"/>
  <testcase classname="testNGFlags.Flag7" name="itc6" time="0.013"/>
  <testcase classname="testNGFlags.Flag7" name="stc6" time="0.0">
    <ignored/>
  </testcase> <!-- stc6 -->
  <testcase classname="testNGFlags.Flag7" name="ftc5" time="0.0">
    <ignored/>
  </testcase> <!-- ftc5 -->
  <testcase classname="testNGFlags.Flag7" name="stc2" time="0.0">
    <ignored/>
  </testcase> <!-- stc2 -->
  <testcase classname="testNGFlags.Flag7" name="stc5" time="0.0">
    <ignored/>
  </testcase> <!-- stc5 -->
  <testcase classname="testNGFlags.Flag7" name="stc4" time="0.0">
    <ignored/>
  </testcase> <!-- stc4 -->
  <testcase classname="testNGFlags.Flag7" name="ftc2" time="0.0">
    <ignored/>
  </testcase> <!-- ftc2 -->
  <testcase classname="testNGFlags.Flag7" name="stc1" time="0.0">
    <ignored/>
  </testcase> <!-- stc1 -->
  <testcase classname="testNGFlags.Flag7" name="stc3" time="0.0">
    <ignored/>
  </testcase> <!-- stc3 -->
  <testcase classname="testNGFlags.Flag7" name="ftc3" time="0.0">
    <ignored/>
  </testcase> <!-- ftc3 -->
  <testcase classname="testNGFlags.Flag7" name="ftc6" time="0.0">
    <ignored/>
  </testcase> <!-- ftc6 -->
  <testcase classname="testNGFlags.Flag7" name="ftc1" time="0.0">
    <ignored/>
  </testcase> <!-- ftc1 -->
  <testcase classname="testNGFlags.Flag7" name="ftc4" time="0.0">
    <ignored/>
  </testcase> <!-- ftc4 -->
</testsuite> <!-- Test -->
