<?xml version="1.0" encoding="UTF-8"?>
<!-- Generated by org.testng.reporters.JUnitXMLReporter -->
<testsuite ignored="0" hostname="DESKTOP-ICEIOGC" failures="0" tests="3" name="Default test" time="0.19" errors="0" timestamp="2023-05-26T10:58:06 IST">
  <testcase classname="testNGFlags.Flag5" name="loginMethod" time="0.015"/>
  <testcase classname="testNGFlags.Flag5" name="createUserMethod" time="0.004"/>
  <testcase classname="testNGFlags.Flag5" name="logoutMethod" time="0.004"/>
</testsuite> <!-- Default test -->
