<?xml version="1.0" encoding="UTF-8"?>
<!-- Generated by org.testng.reporters.JUnitXMLReporter -->
<testsuite ignored="0" hostname="DESKTOP-ICEIOGC" failures="0" tests="5" name="Default test" time="29.816" errors="0" timestamp="2023-06-01T14:30:22 IST">
  <testcase classname="dynamicScreenShots.ActiTimeDataProvider" name="loginInvalid" time="2.528"/>
  <testcase classname="dynamicScreenShots.ActiTimeDataProvider" name="loginInvalid" time="2.547"/>
  <testcase classname="dynamicScreenShots.ActiTimeDataProvider" name="loginInvalid" time="2.568"/>
  <testcase classname="dynamicScreenShots.ActiTimeDataProvider" name="loginInvalid" time="2.509"/>
  <testcase classname="dynamicScreenShots.ActiTimeDataProvider" name="loginInvalid" time="2.514"/>
</testsuite> <!-- Default test -->
