<?xml version="1.0" encoding="UTF-8"?>
<testng-results ignored="0" total="5" passed="5" failed="0" skipped="0">
  <reporter-output>
  </reporter-output>
  <suite started-at="2023-06-01T14:29:53 IST" name="Default suite" finished-at="2023-06-01T14:30:22 IST" duration-ms="29816">
    <groups>
    </groups>
    <test started-at="2023-06-01T14:29:53 IST" name="Default test" finished-at="2023-06-01T14:30:22 IST" duration-ms="29816">
      <class name="dynamicScreenShots.ActiTimeDataProvider">
        <test-method is-config="true" signature="property()[pri:0, instance:dynamicScreenShots.ActiTimeDataProvider@3d5c822d]" started-at="2023-06-01T14:29:53 IST" name="property" finished-at="2023-06-01T14:29:53 IST" duration-ms="19" status="PASS">
          <reporter-output>
          </reporter-output>
        </test-method> <!-- property -->
        <test-method is-config="true" signature="setUp()[pri:0, instance:dynamicScreenShots.ActiTimeDataProvider@3d5c822d]" started-at="2023-06-01T14:29:53 IST" name="setUp" finished-at="2023-06-01T14:30:00 IST" duration-ms="7024" status="PASS">
          <reporter-output>
          </reporter-output>
        </test-method> <!-- setUp -->
        <test-method signature="loginInvalid(java.lang.String,java.lang.String)[pri:0, instance:dynamicScreenShots.ActiTimeDataProvider@3d5c822d]" started-at="2023-06-01T14:30:00 IST" name="loginInvalid" data-provider="testActiTime" finished-at="2023-06-01T14:30:02 IST" duration-ms="2528" status="PASS">
          <params>
            <param index="0">
              <value>
                <![CDATA[Admin]]>
              </value>
            </param>
            <param index="1">
              <value>
                <![CDATA[Manager]]>
              </value>
            </param>
          </params>
          <reporter-output>
          </reporter-output>
        </test-method> <!-- loginInvalid -->
        <test-method is-config="true" signature="tearDown()[pri:0, instance:dynamicScreenShots.ActiTimeDataProvider@3d5c822d]" started-at="2023-06-01T14:30:02 IST" name="tearDown" finished-at="2023-06-01T14:30:03 IST" duration-ms="366" status="PASS">
          <reporter-output>
          </reporter-output>
        </test-method> <!-- tearDown -->
        <test-method is-config="true" signature="setUp()[pri:0, instance:dynamicScreenShots.ActiTimeDataProvider@3d5c822d]" started-at="2023-06-01T14:30:03 IST" name="setUp" finished-at="2023-06-01T14:30:04 IST" duration-ms="1920" status="PASS">
          <reporter-output>
          </reporter-output>
        </test-method> <!-- setUp -->
        <test-method signature="loginInvalid(java.lang.String,java.lang.String)[pri:0, instance:dynamicScreenShots.ActiTimeDataProvider@3d5c822d]" started-at="2023-06-01T14:30:04 IST" name="loginInvalid" data-provider="testActiTime" finished-at="2023-06-01T14:30:07 IST" duration-ms="2547" status="PASS">
          <params>
            <param index="0">
              <value>
                <![CDATA[Admin123]]>
              </value>
            </param>
            <param index="1">
              <value>
                <![CDATA[Manager123]]>
              </value>
            </param>
          </params>
          <reporter-output>
          </reporter-output>
        </test-method> <!-- loginInvalid -->
        <test-method is-config="true" signature="tearDown()[pri:0, instance:dynamicScreenShots.ActiTimeDataProvider@3d5c822d]" started-at="2023-06-01T14:30:07 IST" name="tearDown" finished-at="2023-06-01T14:30:07 IST" duration-ms="362" status="PASS">
          <reporter-output>
          </reporter-output>
        </test-method> <!-- tearDown -->
        <test-method is-config="true" signature="setUp()[pri:0, instance:dynamicScreenShots.ActiTimeDataProvider@3d5c822d]" started-at="2023-06-01T14:30:07 IST" name="setUp" finished-at="2023-06-01T14:30:09 IST" duration-ms="1828" status="PASS">
          <reporter-output>
          </reporter-output>
        </test-method> <!-- setUp -->
        <test-method signature="loginInvalid(java.lang.String,java.lang.String)[pri:0, instance:dynamicScreenShots.ActiTimeDataProvider@3d5c822d]" started-at="2023-06-01T14:30:09 IST" name="loginInvalid" data-provider="testActiTime" finished-at="2023-06-01T14:30:12 IST" duration-ms="2568" status="PASS">
          <params>
            <param index="0">
              <value>
                <![CDATA[Ad@min]]>
              </value>
            </param>
            <param index="1">
              <value>
                <![CDATA[Man@ager]]>
              </value>
            </param>
          </params>
          <reporter-output>
          </reporter-output>
        </test-method> <!-- loginInvalid -->
        <test-method is-config="true" signature="tearDown()[pri:0, instance:dynamicScreenShots.ActiTimeDataProvider@3d5c822d]" started-at="2023-06-01T14:30:12 IST" name="tearDown" finished-at="2023-06-01T14:30:12 IST" duration-ms="320" status="PASS">
          <reporter-output>
          </reporter-output>
        </test-method> <!-- tearDown -->
        <test-method is-config="true" signature="setUp()[pri:0, instance:dynamicScreenShots.ActiTimeDataProvider@3d5c822d]" started-at="2023-06-01T14:30:12 IST" name="setUp" finished-at="2023-06-01T14:30:14 IST" duration-ms="1956" status="PASS">
          <reporter-output>
          </reporter-output>
        </test-method> <!-- setUp -->
        <test-method signature="loginInvalid(java.lang.String,java.lang.String)[pri:0, instance:dynamicScreenShots.ActiTimeDataProvider@3d5c822d]" started-at="2023-06-01T14:30:14 IST" name="loginInvalid" data-provider="testActiTime" finished-at="2023-06-01T14:30:17 IST" duration-ms="2509" status="PASS">
          <params>
            <param index="0">
              <value>
                <![CDATA[Adm_in]]>
              </value>
            </param>
            <param index="1">
              <value>
                <![CDATA[Man_ager]]>
              </value>
            </param>
          </params>
          <reporter-output>
          </reporter-output>
        </test-method> <!-- loginInvalid -->
        <test-method is-config="true" signature="tearDown()[pri:0, instance:dynamicScreenShots.ActiTimeDataProvider@3d5c822d]" started-at="2023-06-01T14:30:17 IST" name="tearDown" finished-at="2023-06-01T14:30:17 IST" duration-ms="314" status="PASS">
          <reporter-output>
          </reporter-output>
        </test-method> <!-- tearDown -->
        <test-method is-config="true" signature="setUp()[pri:0, instance:dynamicScreenShots.ActiTimeDataProvider@3d5c822d]" started-at="2023-06-01T14:30:17 IST" name="setUp" finished-at="2023-06-01T14:30:19 IST" duration-ms="1946" status="PASS">
          <reporter-output>
          </reporter-output>
        </test-method> <!-- setUp -->
        <test-method signature="loginInvalid(java.lang.String,java.lang.String)[pri:0, instance:dynamicScreenShots.ActiTimeDataProvider@3d5c822d]" started-at="2023-06-01T14:30:19 IST" name="loginInvalid" data-provider="testActiTime" finished-at="2023-06-01T14:30:21 IST" duration-ms="2514" status="PASS">
          <params>
            <param index="0">
              <value>
                <![CDATA[Manager]]>
              </value>
            </param>
            <param index="1">
              <value>
                <![CDATA[Admin]]>
              </value>
            </param>
          </params>
          <reporter-output>
          </reporter-output>
        </test-method> <!-- loginInvalid -->
        <test-method is-config="true" signature="tearDown()[pri:0, instance:dynamicScreenShots.ActiTimeDataProvider@3d5c822d]" started-at="2023-06-01T14:30:21 IST" name="tearDown" finished-at="2023-06-01T14:30:22 IST" duration-ms="999" status="PASS">
          <reporter-output>
          </reporter-output>
        </test-method> <!-- tearDown -->
      </class> <!-- dynamicScreenShots.ActiTimeDataProvider -->
    </test> <!-- Default test -->
  </suite> <!-- Default suite -->
</testng-results>
